c:\opensource\fusion3d\build_premade\msvc2017\mosaicr\x64\debug\mainmosaicr.obj
c:\opensource\fusion3d\build_premade\msvc2017\mosaicr\x64\debug\mosaicr.obj
c:\opensource\fusion3d\build_premade\msvc2017\mosaicr\x64\debug\qrc_mosaicr.obj
c:\opensource\fusion3d\build_premade\msvc2017\mosaicr\x64\debug\vc141.pdb
c:\opensource\fusion3d\build_premade\msvc2017\mosaicr\x64\debug\moc_mosaicr.obj
c:\opensource\fusion3d\build_premade\msvc2017\x64\debug\mosaicr.exe
c:\opensource\fusion3d\build_premade\msvc2017\x64\debug\mosaicr.ilk
c:\opensource\fusion3d\build_premade\msvc2017\x64\debug\mosaicr.pdb
c:\opensource\fusion3d\build_premade\msvc2017\mosaicr\generatedfiles\debug\moc_mosaicr.cpp
c:\opensource\fusion3d\build_premade\msvc2017\mosaicr\generatedfiles\qrc_mosaicr.cpp
c:\opensource\fusion3d\build_premade\msvc2017\mosaicr\generatedfiles\ui_mosaicr.h
c:\opensource\fusion3d\build_premade\msvc2017\x64\debug\mosaicr.lib
c:\opensource\fusion3d\build_premade\msvc2017\x64\debug\mosaicr.exp
c:\opensource\fusion3d\build_premade\msvc2017\mosaicr\x64\debug\mosaicr.tlog\cl.command.1.tlog
c:\opensource\fusion3d\build_premade\msvc2017\mosaicr\x64\debug\mosaicr.tlog\cl.read.1.tlog
c:\opensource\fusion3d\build_premade\msvc2017\mosaicr\x64\debug\mosaicr.tlog\cl.write.1.tlog
c:\opensource\fusion3d\build_premade\msvc2017\mosaicr\x64\debug\mosaicr.tlog\link.5348.delete.1.tlog
c:\opensource\fusion3d\build_premade\msvc2017\mosaicr\x64\debug\mosaicr.tlog\link.command.1.tlog
c:\opensource\fusion3d\build_premade\msvc2017\mosaicr\x64\debug\mosaicr.tlog\link.read.1.tlog
c:\opensource\fusion3d\build_premade\msvc2017\mosaicr\x64\debug\mosaicr.tlog\link.write.1.tlog
c:\opensource\fusion3d\build_premade\msvc2017\mosaicr\x64\debug\mosaicr.tlog\mosaicr.write.1u.tlog
