c:\opensource\fusion3d\build_premade\msvc2017\lfusion3d\x64\debug\base_jfd_class.obj
c:\opensource\fusion3d\build_premade\msvc2017\lfusion3d\x64\debug\cache_class.obj
c:\opensource\fusion3d\build_premade\msvc2017\lfusion3d\x64\debug\cad_manager_class.obj
c:\opensource\fusion3d\build_premade\msvc2017\lfusion3d\x64\debug\color_balance_class.obj
c:\opensource\fusion3d\build_premade\msvc2017\lfusion3d\x64\debug\dialogdrawalt.obj
c:\opensource\fusion3d\build_premade\msvc2017\lfusion3d\x64\debug\dialogfilescreen.obj
c:\opensource\fusion3d\build_premade\msvc2017\lfusion3d\x64\debug\dialogmeasureroute.obj
c:\opensource\fusion3d\build_premade\msvc2017\lfusion3d\x64\debug\dialogpcthresh.obj
c:\opensource\fusion3d\build_premade\msvc2017\lfusion3d\x64\debug\dialogvectoggle.obj
c:\opensource\fusion3d\build_premade\msvc2017\lfusion3d\x64\debug\draw_data_inv_class.obj
c:\opensource\fusion3d\build_premade\msvc2017\lfusion3d\x64\debug\fastlz.obj
c:\opensource\fusion3d\build_premade\msvc2017\lfusion3d\x64\debug\fusion3d_viewer_class.obj
c:\opensource\fusion3d\build_premade\msvc2017\lfusion3d\x64\debug\image_2d_class.obj
c:\opensource\fusion3d\build_premade\msvc2017\lfusion3d\x64\debug\image_bpf_demify_class.obj
c:\opensource\fusion3d\build_premade\msvc2017\lfusion3d\x64\debug\image_las_demify_class.obj
c:\opensource\fusion3d\build_premade\msvc2017\lfusion3d\x64\debug\image_ptcloud_class.obj
c:\opensource\fusion3d\build_premade\msvc2017\lfusion3d\x64\debug\image_tif_class.obj
c:\opensource\fusion3d\build_premade\msvc2017\lfusion3d\x64\debug\keyboard_input_class.obj
c:\opensource\fusion3d\build_premade\msvc2017\lfusion3d\x64\debug\kml_manager_inv_class.obj
c:\opensource\fusion3d\build_premade\msvc2017\lfusion3d\x64\debug\los_manager_class.obj
c:\opensource\fusion3d\build_premade\msvc2017\lfusion3d\x64\debug\map3d_manager_class.obj
c:\opensource\fusion3d\build_premade\msvc2017\lfusion3d\x64\debug\mensuration_manager_inv_class.obj
c:\opensource\fusion3d\build_premade\msvc2017\lfusion3d\x64\debug\nato4676_class.obj
c:\opensource\fusion3d\build_premade\msvc2017\lfusion3d\x64\debug\roi_meta_class.obj
c:\opensource\fusion3d\build_premade\msvc2017\lfusion3d\x64\debug\sensor_kml_manager_inv_class.obj
c:\opensource\fusion3d\build_premade\msvc2017\lfusion3d\x64\debug\sensor_read_osus_class.obj
c:\opensource\fusion3d\build_premade\msvc2017\lfusion3d\x64\debug\status_overlay_manager_inv_class.obj
c:\opensource\fusion3d\build_premade\msvc2017\lfusion3d\x64\debug\time_conversion_class.obj
c:\opensource\fusion3d\build_premade\msvc2017\lfusion3d\x64\debug\utilities_jfd.obj
c:\opensource\fusion3d\build_premade\msvc2017\lfusion3d\x64\debug\xml_class.obj
c:\opensource\fusion3d\build_premade\msvc2017\lfusion3d\x64\debug\atr_los_class.obj
c:\opensource\fusion3d\build_premade\msvc2017\lfusion3d\x64\debug\buttons_input_class.obj
c:\opensource\fusion3d\build_premade\msvc2017\lfusion3d\x64\debug\cad_manager_inv_class.obj
c:\opensource\fusion3d\build_premade\msvc2017\lfusion3d\x64\debug\camera4d_manager_inv_class.obj
c:\opensource\fusion3d\build_premade\msvc2017\lfusion3d\x64\debug\dialogcadopen.obj
c:\opensource\fusion3d\build_premade\msvc2017\lfusion3d\x64\debug\dialogfiledemother.obj
c:\opensource\fusion3d\build_premade\msvc2017\lfusion3d\x64\debug\dialogmeasureelev.obj
c:\opensource\fusion3d\build_premade\msvc2017\lfusion3d\x64\debug\dialogpcparms.obj
c:\opensource\fusion3d\build_premade\msvc2017\lfusion3d\x64\debug\dialogvecfly.obj
c:\opensource\fusion3d\build_premade\msvc2017\lfusion3d\x64\debug\draw_data_class.obj
c:\opensource\fusion3d\build_premade\msvc2017\lfusion3d\x64\debug\elev_estimate_class.obj
c:\opensource\fusion3d\build_premade\msvc2017\lfusion3d\x64\debug\icon_class.obj
c:\opensource\fusion3d\build_premade\msvc2017\lfusion3d\x64\debug\image_bpf_class.obj
c:\opensource\fusion3d\build_premade\msvc2017\lfusion3d\x64\debug\image_las_class.obj
c:\opensource\fusion3d\build_premade\msvc2017\lfusion3d\x64\debug\image_pnm_class.obj
c:\opensource\fusion3d\build_premade\msvc2017\lfusion3d\x64\debug\image_seq_display_class.obj
c:\opensource\fusion3d\build_premade\msvc2017\lfusion3d\x64\debug\interval_calc_class.obj
c:\opensource\fusion3d\build_premade\msvc2017\lfusion3d\x64\debug\ladar_mm_manager_class.obj
c:\opensource\fusion3d\build_premade\msvc2017\lfusion3d\x64\debug\los_manager_inv_class.obj
c:\opensource\fusion3d\build_premade\msvc2017\lfusion3d\x64\debug\map3d_manager_inv_class.obj
c:\opensource\fusion3d\build_premade\msvc2017\lfusion3d\x64\debug\menu_input_class.obj
c:\opensource\fusion3d\build_premade\msvc2017\lfusion3d\x64\debug\ogr_class.obj
c:\opensource\fusion3d\build_premade\msvc2017\lfusion3d\x64\debug\sbet_class.obj
c:\opensource\fusion3d\build_premade\msvc2017\lfusion3d\x64\debug\sensor_osus_manager_class.obj
c:\opensource\fusion3d\build_premade\msvc2017\lfusion3d\x64\debug\shapefile_class.obj
c:\opensource\fusion3d\build_premade\msvc2017\lfusion3d\x64\debug\sun_pos_class.obj
c:\opensource\fusion3d\build_premade\msvc2017\lfusion3d\x64\debug\time_track_class.obj
c:\opensource\fusion3d\build_premade\msvc2017\lfusion3d\x64\debug\vector_index_class.obj
c:\opensource\fusion3d\build_premade\msvc2017\lfusion3d\x64\debug\bookmark_manager_class.obj
c:\opensource\fusion3d\build_premade\msvc2017\lfusion3d\x64\debug\bpffile.obj
c:\opensource\fusion3d\build_premade\msvc2017\lfusion3d\x64\debug\camera4d_manager_class.obj
c:\opensource\fusion3d\build_premade\msvc2017\lfusion3d\x64\debug\csv_class.obj
c:\opensource\fusion3d\build_premade\msvc2017\lfusion3d\x64\debug\dialogcsv.obj
c:\opensource\fusion3d\build_premade\msvc2017\lfusion3d\x64\debug\dialogdrawnew.obj
c:\opensource\fusion3d\build_premade\msvc2017\lfusion3d\x64\debug\dialoglocjump.obj
c:\opensource\fusion3d\build_premade\msvc2017\lfusion3d\x64\debug\dialogoptionsparms.obj
c:\opensource\fusion3d\build_premade\msvc2017\lfusion3d\x64\debug\dialogstereosettings.obj
c:\opensource\fusion3d\build_premade\msvc2017\lfusion3d\x64\debug\dir_class.obj
c:\opensource\fusion3d\build_premade\msvc2017\lfusion3d\x64\debug\draw_manager_class.obj
c:\opensource\fusion3d\build_premade\msvc2017\lfusion3d\x64\debug\globals_inv_class.obj
c:\opensource\fusion3d\build_premade\msvc2017\lfusion3d\x64\debug\image_2d_inv_class.obj
c:\opensource\fusion3d\build_premade\msvc2017\lfusion3d\x64\debug\image_gdal_class.obj
c:\opensource\fusion3d\build_premade\msvc2017\lfusion3d\x64\debug\image_mrsid_class.obj
c:\opensource\fusion3d\build_premade\msvc2017\lfusion3d\x64\debug\image_resample_class.obj
c:\opensource\fusion3d\build_premade\msvc2017\lfusion3d\x64\debug\image_transformation_class.obj
c:\opensource\fusion3d\build_premade\msvc2017\lfusion3d\x64\debug\kml_class.obj
c:\opensource\fusion3d\build_premade\msvc2017\lfusion3d\x64\debug\ladar_mm_manager_inv_class.obj
c:\opensource\fusion3d\build_premade\msvc2017\lfusion3d\x64\debug\map3d_index_class.obj
c:\opensource\fusion3d\build_premade\msvc2017\lfusion3d\x64\debug\mask_server_class.obj
c:\opensource\fusion3d\build_premade\msvc2017\lfusion3d\x64\debug\mouse_input_class.obj
c:\opensource\fusion3d\build_premade\msvc2017\lfusion3d\x64\debug\osus_command_class.obj
c:\opensource\fusion3d\build_premade\msvc2017\lfusion3d\x64\debug\script_input_class.obj
c:\opensource\fusion3d\build_premade\msvc2017\lfusion3d\x64\debug\sensor_osus_manager_inv_class.obj
c:\opensource\fusion3d\build_premade\msvc2017\lfusion3d\x64\debug\spaceball_input_class_pc.obj
c:\opensource\fusion3d\build_premade\msvc2017\lfusion3d\x64\debug\texture_server_class.obj
c:\opensource\fusion3d\build_premade\msvc2017\lfusion3d\x64\debug\track_manager_class.obj
c:\opensource\fusion3d\build_premade\msvc2017\lfusion3d\x64\debug\vector_layer_class.obj
c:\opensource\fusion3d\build_premade\msvc2017\lfusion3d\x64\debug\atrlab_manager_class.obj
c:\opensource\fusion3d\build_premade\msvc2017\lfusion3d\x64\debug\bookmark_manager_inv_class.obj
c:\opensource\fusion3d\build_premade\msvc2017\lfusion3d\x64\debug\cad_class.obj
c:\opensource\fusion3d\build_premade\msvc2017\lfusion3d\x64\debug\clock_input_class.obj
c:\opensource\fusion3d\build_premade\msvc2017\lfusion3d\x64\debug\dialogclocktime.obj
c:\opensource\fusion3d\build_premade\msvc2017\lfusion3d\x64\debug\dialogfiledembuck.obj
c:\opensource\fusion3d\build_premade\msvc2017\lfusion3d\x64\debug\dialoglosparms.obj
c:\opensource\fusion3d\build_premade\msvc2017\lfusion3d\x64\debug\dialogpcfilter.obj
c:\opensource\fusion3d\build_premade\msvc2017\lfusion3d\x64\debug\dialogvecdisplay.obj
c:\opensource\fusion3d\build_premade\msvc2017\lfusion3d\x64\debug\dir_monitor_class.obj
c:\opensource\fusion3d\build_premade\msvc2017\lfusion3d\x64\debug\draw_manager_inv_class.obj
c:\opensource\fusion3d\build_premade\msvc2017\lfusion3d\x64\debug\gps_calc_class.obj
c:\opensource\fusion3d\build_premade\msvc2017\lfusion3d\x64\debug\image_3d_class.obj
c:\opensource\fusion3d\build_premade\msvc2017\lfusion3d\x64\debug\image_geo_class.obj
c:\opensource\fusion3d\build_premade\msvc2017\lfusion3d\x64\debug\image_pccsv_class.obj
c:\opensource\fusion3d\build_premade\msvc2017\lfusion3d\x64\debug\image_rtv_class.obj
c:\opensource\fusion3d\build_premade\msvc2017\lfusion3d\x64\debug\image_yaff_class.obj
c:\opensource\fusion3d\build_premade\msvc2017\lfusion3d\x64\debug\kml_manager_class.obj
c:\opensource\fusion3d\build_premade\msvc2017\lfusion3d\x64\debug\lfusion3d.obj
c:\opensource\fusion3d\build_premade\msvc2017\lfusion3d\x64\debug\map3d_lowres_class.obj
c:\opensource\fusion3d\build_premade\msvc2017\lfusion3d\x64\debug\mensuration_manager_class.obj
c:\opensource\fusion3d\build_premade\msvc2017\lfusion3d\x64\debug\nato4607_class.obj
c:\opensource\fusion3d\build_premade\msvc2017\lfusion3d\x64\debug\osus_image_store_class.obj
c:\opensource\fusion3d\build_premade\msvc2017\lfusion3d\x64\debug\sensor_kml_manager_class.obj
c:\opensource\fusion3d\build_premade\msvc2017\lfusion3d\x64\debug\sensor_read_class.obj
c:\opensource\fusion3d\build_premade\msvc2017\lfusion3d\x64\debug\status_overlay_manager_class.obj
c:\opensource\fusion3d\build_premade\msvc2017\lfusion3d\x64\debug\tiles_rtv_class.obj
c:\opensource\fusion3d\build_premade\msvc2017\lfusion3d\x64\debug\track_manager_inv_class.obj
c:\opensource\fusion3d\build_premade\msvc2017\lfusion3d\x64\debug\write_manager_inv_class.obj
c:\opensource\fusion3d\build_premade\msvc2017\lfusion3d\x64\debug\lfusion3d.pdb
c:\opensource\fusion3d\build_premade\msvc2017\lfusion3d\x64\debug\moc_dialogclocktime.obj
c:\opensource\fusion3d\build_premade\msvc2017\lfusion3d\x64\debug\moc_dialogfiledembuck.obj
c:\opensource\fusion3d\build_premade\msvc2017\lfusion3d\x64\debug\moc_dialoglocjump.obj
c:\opensource\fusion3d\build_premade\msvc2017\lfusion3d\x64\debug\moc_dialogoptionsparms.obj
c:\opensource\fusion3d\build_premade\msvc2017\lfusion3d\x64\debug\moc_dialogstereosettings.obj
c:\opensource\fusion3d\build_premade\msvc2017\lfusion3d\x64\debug\moc_dialogcsv.obj
c:\opensource\fusion3d\build_premade\msvc2017\lfusion3d\x64\debug\moc_dialogdrawalt.obj
c:\opensource\fusion3d\build_premade\msvc2017\lfusion3d\x64\debug\moc_dialogfiledemother.obj
c:\opensource\fusion3d\build_premade\msvc2017\lfusion3d\x64\debug\moc_dialoglosparms.obj
c:\opensource\fusion3d\build_premade\msvc2017\lfusion3d\x64\debug\moc_dialogpcfilter.obj
c:\opensource\fusion3d\build_premade\msvc2017\lfusion3d\x64\debug\moc_dialogvecdisplay.obj
c:\opensource\fusion3d\build_premade\msvc2017\lfusion3d\x64\debug\moc_buttons_input_class.obj
c:\opensource\fusion3d\build_premade\msvc2017\lfusion3d\x64\debug\moc_dialogmeasureelev.obj
c:\opensource\fusion3d\build_premade\msvc2017\lfusion3d\x64\debug\moc_dialogpcparms.obj
c:\opensource\fusion3d\build_premade\msvc2017\lfusion3d\x64\debug\moc_dialogvecfly.obj
c:\opensource\fusion3d\build_premade\msvc2017\lfusion3d\x64\debug\moc_dialogcadopen.obj
c:\opensource\fusion3d\build_premade\msvc2017\lfusion3d\x64\debug\moc_dialogdrawnew.obj
c:\opensource\fusion3d\build_premade\msvc2017\lfusion3d\x64\debug\moc_dialogfilescreen.obj
c:\opensource\fusion3d\build_premade\msvc2017\lfusion3d\x64\debug\moc_dialogmeasureroute.obj
c:\opensource\fusion3d\build_premade\msvc2017\lfusion3d\x64\debug\moc_dialogpcthresh.obj
c:\opensource\fusion3d\build_premade\msvc2017\lfusion3d\x64\debug\moc_dialogvectoggle.obj
c:\opensource\fusion3d\build_premade\msvc2017\lfusion3d\generatedfiles\debug\moc_buttons_input_class.cpp
c:\opensource\fusion3d\build_premade\msvc2017\lfusion3d\generatedfiles\debug\moc_dialogcadopen.cpp
c:\opensource\fusion3d\build_premade\msvc2017\lfusion3d\generatedfiles\debug\moc_dialogclocktime.cpp
c:\opensource\fusion3d\build_premade\msvc2017\lfusion3d\generatedfiles\debug\moc_dialogdrawalt.cpp
c:\opensource\fusion3d\build_premade\msvc2017\lfusion3d\generatedfiles\debug\moc_dialogdrawnew.cpp
c:\opensource\fusion3d\build_premade\msvc2017\lfusion3d\generatedfiles\debug\moc_dialogfiledembuck.cpp
c:\opensource\fusion3d\build_premade\msvc2017\lfusion3d\generatedfiles\debug\moc_dialogfiledemother.cpp
c:\opensource\fusion3d\build_premade\msvc2017\lfusion3d\generatedfiles\debug\moc_dialogfilescreen.cpp
c:\opensource\fusion3d\build_premade\msvc2017\lfusion3d\generatedfiles\debug\moc_dialoglocjump.cpp
c:\opensource\fusion3d\build_premade\msvc2017\lfusion3d\generatedfiles\debug\moc_dialoglosparms.cpp
c:\opensource\fusion3d\build_premade\msvc2017\lfusion3d\generatedfiles\debug\moc_dialogmeasureelev.cpp
c:\opensource\fusion3d\build_premade\msvc2017\lfusion3d\generatedfiles\debug\moc_dialogmeasureroute.cpp
c:\opensource\fusion3d\build_premade\msvc2017\lfusion3d\generatedfiles\debug\moc_dialogoptionsparms.cpp
c:\opensource\fusion3d\build_premade\msvc2017\lfusion3d\generatedfiles\debug\moc_dialogpcfilter.cpp
c:\opensource\fusion3d\build_premade\msvc2017\lfusion3d\generatedfiles\debug\moc_dialogpcparms.cpp
c:\opensource\fusion3d\build_premade\msvc2017\lfusion3d\generatedfiles\debug\moc_dialogpcthresh.cpp
c:\opensource\fusion3d\build_premade\msvc2017\lfusion3d\generatedfiles\debug\moc_dialogstereosettings.cpp
c:\opensource\fusion3d\build_premade\msvc2017\lfusion3d\generatedfiles\debug\moc_dialogvecdisplay.cpp
c:\opensource\fusion3d\build_premade\msvc2017\lfusion3d\generatedfiles\debug\moc_dialogvecfly.cpp
c:\opensource\fusion3d\build_premade\msvc2017\lfusion3d\generatedfiles\debug\moc_dialogvectoggle.cpp
c:\opensource\fusion3d\build_premade\msvc2017\lfusion3d\generatedfiles\debug\moc_dialogcsv.cpp
c:\opensource\fusion3d\build_premade\msvc2017\lfusion3d\generatedfiles\ui_dialogcadopen.h
c:\opensource\fusion3d\build_premade\msvc2017\lfusion3d\generatedfiles\ui_dialogclocktime.h
c:\opensource\fusion3d\build_premade\msvc2017\lfusion3d\generatedfiles\ui_dialogcsv.h
c:\opensource\fusion3d\build_premade\msvc2017\lfusion3d\generatedfiles\ui_dialogdrawalt.h
c:\opensource\fusion3d\build_premade\msvc2017\lfusion3d\generatedfiles\ui_dialogdrawnew.h
c:\opensource\fusion3d\build_premade\msvc2017\lfusion3d\generatedfiles\ui_dialogfiledembuck.h
c:\opensource\fusion3d\build_premade\msvc2017\lfusion3d\generatedfiles\ui_dialogfiledemother.h
c:\opensource\fusion3d\build_premade\msvc2017\lfusion3d\generatedfiles\ui_dialogfilescreen.h
c:\opensource\fusion3d\build_premade\msvc2017\lfusion3d\generatedfiles\ui_dialoglocjump.h
c:\opensource\fusion3d\build_premade\msvc2017\lfusion3d\generatedfiles\ui_dialoglosparms.h
c:\opensource\fusion3d\build_premade\msvc2017\lfusion3d\generatedfiles\ui_dialogmeasureelev.h
c:\opensource\fusion3d\build_premade\msvc2017\lfusion3d\generatedfiles\ui_dialogmeasureroute.h
c:\opensource\fusion3d\build_premade\msvc2017\lfusion3d\generatedfiles\ui_dialogoptionsparms.h
c:\opensource\fusion3d\build_premade\msvc2017\lfusion3d\generatedfiles\ui_dialogpcfilter.h
c:\opensource\fusion3d\build_premade\msvc2017\lfusion3d\generatedfiles\ui_dialogpcparms.h
c:\opensource\fusion3d\build_premade\msvc2017\lfusion3d\generatedfiles\ui_dialogpcthresh.h
c:\opensource\fusion3d\build_premade\msvc2017\lfusion3d\generatedfiles\ui_dialogstereosettings.h
c:\opensource\fusion3d\build_premade\msvc2017\lfusion3d\generatedfiles\ui_dialogvecdisplay.h
c:\opensource\fusion3d\build_premade\msvc2017\lfusion3d\generatedfiles\ui_dialogvecfly.h
c:\opensource\fusion3d\build_premade\msvc2017\lfusion3d\generatedfiles\ui_dialogvectoggle.h
c:\opensource\fusion3d\build_premade\msvc2017\x64\debug\lfusion3d.lib
c:\opensource\fusion3d\build_premade\msvc2017\x64\debug\lfusion3d.pdb
c:\opensource\fusion3d\build_premade\msvc2017\lfusion3d\x64\debug\lfusion3d.tlog\cl.command.1.tlog
c:\opensource\fusion3d\build_premade\msvc2017\lfusion3d\x64\debug\lfusion3d.tlog\cl.read.1.tlog
c:\opensource\fusion3d\build_premade\msvc2017\lfusion3d\x64\debug\lfusion3d.tlog\cl.write.1.tlog
c:\opensource\fusion3d\build_premade\msvc2017\lfusion3d\x64\debug\lfusion3d.tlog\lfusion3d.write.1u.tlog
c:\opensource\fusion3d\build_premade\msvc2017\lfusion3d\x64\debug\lfusion3d.tlog\lib-link.read.1.tlog
c:\opensource\fusion3d\build_premade\msvc2017\lfusion3d\x64\debug\lfusion3d.tlog\lib-link.write.1.tlog
c:\opensource\fusion3d\build_premade\msvc2017\lfusion3d\x64\debug\lfusion3d.tlog\lib.command.1.tlog
