c:\opensource\fusion3d\build_premade\msvc2017\qtguiapplication1\x64\debug\maingridder.obj
c:\opensource\fusion3d\build_premade\msvc2017\qtguiapplication1\x64\debug\gridder.obj
c:\opensource\fusion3d\build_premade\msvc2017\qtguiapplication1\x64\debug\qrc_gridder.obj
c:\opensource\fusion3d\build_premade\msvc2017\qtguiapplication1\x64\debug\vc141.pdb
c:\opensource\fusion3d\build_premade\msvc2017\qtguiapplication1\x64\debug\moc_gridder.obj
c:\opensource\fusion3d\build_premade\msvc2017\qtguiapplication1\generatedfiles\debug\moc_gridder.cpp
c:\opensource\fusion3d\build_premade\msvc2017\qtguiapplication1\generatedfiles\qrc_gridder.cpp
c:\opensource\fusion3d\build_premade\msvc2017\qtguiapplication1\generatedfiles\ui_gridder.h
c:\opensource\fusion3d\build_premade\msvc2017\x64\debug\gridder.lib
c:\opensource\fusion3d\build_premade\msvc2017\x64\debug\gridder.exp
c:\opensource\fusion3d\build_premade\msvc2017\x64\debug\gridder.ilk
c:\opensource\fusion3d\build_premade\msvc2017\x64\debug\gridder.exe
c:\opensource\fusion3d\build_premade\msvc2017\x64\debug\gridder.pdb
c:\opensource\fusion3d\build_premade\msvc2017\qtguiapplication1\x64\debug\gridder.tlog\cl.command.1.tlog
c:\opensource\fusion3d\build_premade\msvc2017\qtguiapplication1\x64\debug\gridder.tlog\cl.read.1.tlog
c:\opensource\fusion3d\build_premade\msvc2017\qtguiapplication1\x64\debug\gridder.tlog\cl.write.1.tlog
c:\opensource\fusion3d\build_premade\msvc2017\qtguiapplication1\x64\debug\gridder.tlog\gridder.write.1u.tlog
c:\opensource\fusion3d\build_premade\msvc2017\qtguiapplication1\x64\debug\gridder.tlog\link.command.1.tlog
c:\opensource\fusion3d\build_premade\msvc2017\qtguiapplication1\x64\debug\gridder.tlog\link.read.1.tlog
c:\opensource\fusion3d\build_premade\msvc2017\qtguiapplication1\x64\debug\gridder.tlog\link.write.1.tlog
