c:\opensource\fusion3d\build_premade\msvc2017\cropr\x64\debug\qrc_cropr.obj
c:\opensource\fusion3d\build_premade\msvc2017\cropr\x64\debug\cropr.obj
c:\opensource\fusion3d\build_premade\msvc2017\cropr\x64\debug\maincropr.obj
c:\opensource\fusion3d\build_premade\msvc2017\cropr\x64\debug\vc141.pdb
c:\opensource\fusion3d\build_premade\msvc2017\cropr\x64\debug\moc_cropr.obj
c:\opensource\fusion3d\build_premade\msvc2017\cropr\generatedfiles\debug\moc_cropr.cpp
c:\opensource\fusion3d\build_premade\msvc2017\cropr\generatedfiles\qrc_cropr.cpp
c:\opensource\fusion3d\build_premade\msvc2017\cropr\generatedfiles\ui_cropr.h
c:\opensource\fusion3d\build_premade\msvc2017\x64\debug\cropr.lib
c:\opensource\fusion3d\build_premade\msvc2017\x64\debug\cropr.exp
c:\opensource\fusion3d\build_premade\msvc2017\x64\debug\cropr.exe
c:\opensource\fusion3d\build_premade\msvc2017\x64\debug\cropr.ilk
c:\opensource\fusion3d\build_premade\msvc2017\x64\debug\cropr.pdb
c:\opensource\fusion3d\build_premade\msvc2017\cropr\x64\debug\cropr.tlog\cl.command.1.tlog
c:\opensource\fusion3d\build_premade\msvc2017\cropr\x64\debug\cropr.tlog\cl.read.1.tlog
c:\opensource\fusion3d\build_premade\msvc2017\cropr\x64\debug\cropr.tlog\cl.write.1.tlog
c:\opensource\fusion3d\build_premade\msvc2017\cropr\x64\debug\cropr.tlog\cropr.write.1u.tlog
c:\opensource\fusion3d\build_premade\msvc2017\cropr\x64\debug\cropr.tlog\link.command.1.tlog
c:\opensource\fusion3d\build_premade\msvc2017\cropr\x64\debug\cropr.tlog\link.read.1.tlog
c:\opensource\fusion3d\build_premade\msvc2017\cropr\x64\debug\cropr.tlog\link.write.1.tlog
