c:\opensource\fusion3d\build_premade\msvc2017\lfusion3d\x64\release\base_jfd_class.obj
c:\opensource\fusion3d\build_premade\msvc2017\lfusion3d\x64\release\bpffile.obj
c:\opensource\fusion3d\build_premade\msvc2017\lfusion3d\x64\release\cad_manager_inv_class.obj
c:\opensource\fusion3d\build_premade\msvc2017\lfusion3d\x64\release\color_balance_class.obj
c:\opensource\fusion3d\build_premade\msvc2017\lfusion3d\x64\release\dialogdrawalt.obj
c:\opensource\fusion3d\build_premade\msvc2017\lfusion3d\x64\release\dialogfilescreen.obj
c:\opensource\fusion3d\build_premade\msvc2017\lfusion3d\x64\release\dialogmeasureroute.obj
c:\opensource\fusion3d\build_premade\msvc2017\lfusion3d\x64\release\dialogpcthresh.obj
c:\opensource\fusion3d\build_premade\msvc2017\lfusion3d\x64\release\dialogvectoggle.obj
c:\opensource\fusion3d\build_premade\msvc2017\lfusion3d\x64\release\draw_data_inv_class.obj
c:\opensource\fusion3d\build_premade\msvc2017\lfusion3d\x64\release\globals_inv_class.obj
c:\opensource\fusion3d\build_premade\msvc2017\lfusion3d\x64\release\image_2d_inv_class.obj
c:\opensource\fusion3d\build_premade\msvc2017\lfusion3d\x64\release\image_gdal_class.obj
c:\opensource\fusion3d\build_premade\msvc2017\lfusion3d\x64\release\image_pnm_class.obj
c:\opensource\fusion3d\build_premade\msvc2017\lfusion3d\x64\release\image_seq_display_class.obj
c:\opensource\fusion3d\build_premade\msvc2017\lfusion3d\x64\release\interval_calc_class.obj
c:\opensource\fusion3d\build_premade\msvc2017\lfusion3d\x64\release\kml_manager_inv_class.obj
c:\opensource\fusion3d\build_premade\msvc2017\lfusion3d\x64\release\los_manager_inv_class.obj
c:\opensource\fusion3d\build_premade\msvc2017\lfusion3d\x64\release\map3d_manager_inv_class.obj
c:\opensource\fusion3d\build_premade\msvc2017\lfusion3d\x64\release\mouse_input_class.obj
c:\opensource\fusion3d\build_premade\msvc2017\lfusion3d\x64\release\osus_command_class.obj
c:\opensource\fusion3d\build_premade\msvc2017\lfusion3d\x64\release\script_input_class.obj
c:\opensource\fusion3d\build_premade\msvc2017\lfusion3d\x64\release\sensor_osus_manager_inv_class.obj
c:\opensource\fusion3d\build_premade\msvc2017\lfusion3d\x64\release\spaceball_input_class_pc.obj
c:\opensource\fusion3d\build_premade\msvc2017\lfusion3d\x64\release\texture_server_class.obj
c:\opensource\fusion3d\build_premade\msvc2017\lfusion3d\x64\release\track_analysis_class.obj
c:\opensource\fusion3d\build_premade\msvc2017\lfusion3d\x64\release\utilities_jfd.obj
c:\opensource\fusion3d\build_premade\msvc2017\lfusion3d\x64\release\atrlab_manager_class.obj
c:\opensource\fusion3d\build_premade\msvc2017\lfusion3d\x64\release\bookmark_manager_class.obj
c:\opensource\fusion3d\build_premade\msvc2017\lfusion3d\x64\release\cache_class.obj
c:\opensource\fusion3d\build_premade\msvc2017\lfusion3d\x64\release\camera4d_manager_class.obj
c:\opensource\fusion3d\build_premade\msvc2017\lfusion3d\x64\release\csv_class.obj
c:\opensource\fusion3d\build_premade\msvc2017\lfusion3d\x64\release\dialogdrawnew.obj
c:\opensource\fusion3d\build_premade\msvc2017\lfusion3d\x64\release\dialoglocjump.obj
c:\opensource\fusion3d\build_premade\msvc2017\lfusion3d\x64\release\dialogoptionsparms.obj
c:\opensource\fusion3d\build_premade\msvc2017\lfusion3d\x64\release\dialogstereosettings.obj
c:\opensource\fusion3d\build_premade\msvc2017\lfusion3d\x64\release\dir_class.obj
c:\opensource\fusion3d\build_premade\msvc2017\lfusion3d\x64\release\draw_manager_class.obj
c:\opensource\fusion3d\build_premade\msvc2017\lfusion3d\x64\release\fastlz.obj
c:\opensource\fusion3d\build_premade\msvc2017\lfusion3d\x64\release\fusion3d_viewer_class.obj
c:\opensource\fusion3d\build_premade\msvc2017\lfusion3d\x64\release\image_2d_class.obj
c:\opensource\fusion3d\build_premade\msvc2017\lfusion3d\x64\release\image_bpf_class.obj
c:\opensource\fusion3d\build_premade\msvc2017\lfusion3d\x64\release\image_mrsid_class.obj
c:\opensource\fusion3d\build_premade\msvc2017\lfusion3d\x64\release\image_rtv_class.obj
c:\opensource\fusion3d\build_premade\msvc2017\lfusion3d\x64\release\image_yaff_class.obj
c:\opensource\fusion3d\build_premade\msvc2017\lfusion3d\x64\release\kml_manager_class.obj
c:\opensource\fusion3d\build_premade\msvc2017\lfusion3d\x64\release\ladar_mm_manager_inv_class.obj
c:\opensource\fusion3d\build_premade\msvc2017\lfusion3d\x64\release\map3d_index_class.obj
c:\opensource\fusion3d\build_premade\msvc2017\lfusion3d\x64\release\mensuration_manager_class.obj
c:\opensource\fusion3d\build_premade\msvc2017\lfusion3d\x64\release\nato4607_class.obj
c:\opensource\fusion3d\build_premade\msvc2017\lfusion3d\x64\release\osus_image_store_class.obj
c:\opensource\fusion3d\build_premade\msvc2017\lfusion3d\x64\release\sensor_kml_manager_class.obj
c:\opensource\fusion3d\build_premade\msvc2017\lfusion3d\x64\release\sensor_read_class.obj
c:\opensource\fusion3d\build_premade\msvc2017\lfusion3d\x64\release\status_overlay_manager_class.obj
c:\opensource\fusion3d\build_premade\msvc2017\lfusion3d\x64\release\tiles_rtv_class.obj
c:\opensource\fusion3d\build_premade\msvc2017\lfusion3d\x64\release\track_manager_class.obj
c:\opensource\fusion3d\build_premade\msvc2017\lfusion3d\x64\release\vector_index_class.obj
c:\opensource\fusion3d\build_premade\msvc2017\lfusion3d\x64\release\xml_class.obj
c:\opensource\fusion3d\build_premade\msvc2017\lfusion3d\x64\release\atr_los_class.obj
c:\opensource\fusion3d\build_premade\msvc2017\lfusion3d\x64\release\buttons_input_class.obj
c:\opensource\fusion3d\build_premade\msvc2017\lfusion3d\x64\release\cad_manager_class.obj
c:\opensource\fusion3d\build_premade\msvc2017\lfusion3d\x64\release\clock_input_class.obj
c:\opensource\fusion3d\build_premade\msvc2017\lfusion3d\x64\release\dialogclocktime.obj
c:\opensource\fusion3d\build_premade\msvc2017\lfusion3d\x64\release\dialogfiledemother.obj
c:\opensource\fusion3d\build_premade\msvc2017\lfusion3d\x64\release\dialogmeasureelev.obj
c:\opensource\fusion3d\build_premade\msvc2017\lfusion3d\x64\release\dialogpcparms.obj
c:\opensource\fusion3d\build_premade\msvc2017\lfusion3d\x64\release\dialogvecfly.obj
c:\opensource\fusion3d\build_premade\msvc2017\lfusion3d\x64\release\draw_data_class.obj
c:\opensource\fusion3d\build_premade\msvc2017\lfusion3d\x64\release\elev_estimate_class.obj
c:\opensource\fusion3d\build_premade\msvc2017\lfusion3d\x64\release\icon_class.obj
c:\opensource\fusion3d\build_premade\msvc2017\lfusion3d\x64\release\image_botladar_class.obj
c:\opensource\fusion3d\build_premade\msvc2017\lfusion3d\x64\release\image_las_class.obj
c:\opensource\fusion3d\build_premade\msvc2017\lfusion3d\x64\release\image_resample_class.obj
c:\opensource\fusion3d\build_premade\msvc2017\lfusion3d\x64\release\image_transformation_class.obj
c:\opensource\fusion3d\build_premade\msvc2017\lfusion3d\x64\release\kml_class.obj
c:\opensource\fusion3d\build_premade\msvc2017\lfusion3d\x64\release\lfusion3d.obj
c:\opensource\fusion3d\build_premade\msvc2017\lfusion3d\x64\release\map3d_lowres_class.obj
c:\opensource\fusion3d\build_premade\msvc2017\lfusion3d\x64\release\mensuration_manager_inv_class.obj
c:\opensource\fusion3d\build_premade\msvc2017\lfusion3d\x64\release\nato4676_class.obj
c:\opensource\fusion3d\build_premade\msvc2017\lfusion3d\x64\release\roi_meta_class.obj
c:\opensource\fusion3d\build_premade\msvc2017\lfusion3d\x64\release\sensor_kml_manager_inv_class.obj
c:\opensource\fusion3d\build_premade\msvc2017\lfusion3d\x64\release\sensor_read_osus_class.obj
c:\opensource\fusion3d\build_premade\msvc2017\lfusion3d\x64\release\status_overlay_manager_inv_class.obj
c:\opensource\fusion3d\build_premade\msvc2017\lfusion3d\x64\release\time_conversion_class.obj
c:\opensource\fusion3d\build_premade\msvc2017\lfusion3d\x64\release\track_manager_inv_class.obj
c:\opensource\fusion3d\build_premade\msvc2017\lfusion3d\x64\release\vector_layer_class.obj
c:\opensource\fusion3d\build_premade\msvc2017\lfusion3d\x64\release\atr_class.obj
c:\opensource\fusion3d\build_premade\msvc2017\lfusion3d\x64\release\bookmark_manager_inv_class.obj
c:\opensource\fusion3d\build_premade\msvc2017\lfusion3d\x64\release\cad_class.obj
c:\opensource\fusion3d\build_premade\msvc2017\lfusion3d\x64\release\camera4d_manager_inv_class.obj
c:\opensource\fusion3d\build_premade\msvc2017\lfusion3d\x64\release\dialogcadopen.obj
c:\opensource\fusion3d\build_premade\msvc2017\lfusion3d\x64\release\dialogfiledembuck.obj
c:\opensource\fusion3d\build_premade\msvc2017\lfusion3d\x64\release\dialoglosparms.obj
c:\opensource\fusion3d\build_premade\msvc2017\lfusion3d\x64\release\dialogpcfilter.obj
c:\opensource\fusion3d\build_premade\msvc2017\lfusion3d\x64\release\dialogvecdisplay.obj
c:\opensource\fusion3d\build_premade\msvc2017\lfusion3d\x64\release\dir_monitor_class.obj
c:\opensource\fusion3d\build_premade\msvc2017\lfusion3d\x64\release\draw_manager_inv_class.obj
c:\opensource\fusion3d\build_premade\msvc2017\lfusion3d\x64\release\gps_calc_class.obj
c:\opensource\fusion3d\build_premade\msvc2017\lfusion3d\x64\release\image_3d_class.obj
c:\opensource\fusion3d\build_premade\msvc2017\lfusion3d\x64\release\image_geo_class.obj
c:\opensource\fusion3d\build_premade\msvc2017\lfusion3d\x64\release\image_ptcloud_class.obj
c:\opensource\fusion3d\build_premade\msvc2017\lfusion3d\x64\release\image_tif_class.obj
c:\opensource\fusion3d\build_premade\msvc2017\lfusion3d\x64\release\keyboard_input_class.obj
c:\opensource\fusion3d\build_premade\msvc2017\lfusion3d\x64\release\ladar_mm_manager_class.obj
c:\opensource\fusion3d\build_premade\msvc2017\lfusion3d\x64\release\los_manager_class.obj
c:\opensource\fusion3d\build_premade\msvc2017\lfusion3d\x64\release\map3d_manager_class.obj
c:\opensource\fusion3d\build_premade\msvc2017\lfusion3d\x64\release\menu_input_class.obj
c:\opensource\fusion3d\build_premade\msvc2017\lfusion3d\x64\release\ogr_class.obj
c:\opensource\fusion3d\build_premade\msvc2017\lfusion3d\x64\release\sbet_class.obj
c:\opensource\fusion3d\build_premade\msvc2017\lfusion3d\x64\release\sensor_osus_manager_class.obj
c:\opensource\fusion3d\build_premade\msvc2017\lfusion3d\x64\release\shapefile_class.obj
c:\opensource\fusion3d\build_premade\msvc2017\lfusion3d\x64\release\sun_pos_class.obj
c:\opensource\fusion3d\build_premade\msvc2017\lfusion3d\x64\release\time_track_class.obj
c:\opensource\fusion3d\build_premade\msvc2017\lfusion3d\x64\release\transform.obj
c:\opensource\fusion3d\build_premade\msvc2017\lfusion3d\x64\release\write_manager_inv_class.obj
c:\opensource\fusion3d\build_premade\msvc2017\lfusion3d\x64\release\image_bpf_demify_class.obj
c:\opensource\fusion3d\build_premade\msvc2017\lfusion3d\x64\release\image_las_demify_class.obj
c:\opensource\fusion3d\build_premade\msvc2017\lfusion3d\x64\release\moc_buttons_input_class.obj
c:\opensource\fusion3d\build_premade\msvc2017\lfusion3d\x64\release\moc_dialogfiledembuck.obj
c:\opensource\fusion3d\build_premade\msvc2017\lfusion3d\x64\release\moc_dialogmeasureelev.obj
c:\opensource\fusion3d\build_premade\msvc2017\lfusion3d\x64\release\moc_dialogpcparms.obj
c:\opensource\fusion3d\build_premade\msvc2017\lfusion3d\x64\release\moc_dialogvecfly.obj
c:\opensource\fusion3d\build_premade\msvc2017\lfusion3d\x64\release\moc_dialogdrawalt.obj
c:\opensource\fusion3d\build_premade\msvc2017\lfusion3d\x64\release\moc_dialogfiledemother.obj
c:\opensource\fusion3d\build_premade\msvc2017\lfusion3d\x64\release\moc_dialoglocjump.obj
c:\opensource\fusion3d\build_premade\msvc2017\lfusion3d\x64\release\moc_dialogoptionsparms.obj
c:\opensource\fusion3d\build_premade\msvc2017\lfusion3d\x64\release\moc_dialogvecdisplay.obj
c:\opensource\fusion3d\build_premade\msvc2017\lfusion3d\x64\release\moc_dialogclocktime.obj
c:\opensource\fusion3d\build_premade\msvc2017\lfusion3d\x64\release\moc_dialoglosparms.obj
c:\opensource\fusion3d\build_premade\msvc2017\lfusion3d\x64\release\moc_dialogpcfilter.obj
c:\opensource\fusion3d\build_premade\msvc2017\lfusion3d\x64\release\moc_dialogstereosettings.obj
c:\opensource\fusion3d\build_premade\msvc2017\lfusion3d\x64\release\moc_dialogcadopen.obj
c:\opensource\fusion3d\build_premade\msvc2017\lfusion3d\x64\release\moc_dialogdrawnew.obj
c:\opensource\fusion3d\build_premade\msvc2017\lfusion3d\x64\release\moc_dialogfilescreen.obj
c:\opensource\fusion3d\build_premade\msvc2017\lfusion3d\x64\release\moc_dialogmeasureroute.obj
c:\opensource\fusion3d\build_premade\msvc2017\lfusion3d\x64\release\moc_dialogpcthresh.obj
c:\opensource\fusion3d\build_premade\msvc2017\lfusion3d\x64\release\moc_dialogvectoggle.obj
c:\opensource\fusion3d\build_premade\msvc2017\lfusion3d\generatedfiles\release\moc_buttons_input_class.cpp
c:\opensource\fusion3d\build_premade\msvc2017\lfusion3d\generatedfiles\release\moc_dialogcadopen.cpp
c:\opensource\fusion3d\build_premade\msvc2017\lfusion3d\generatedfiles\release\moc_dialogclocktime.cpp
c:\opensource\fusion3d\build_premade\msvc2017\lfusion3d\generatedfiles\release\moc_dialogdrawalt.cpp
c:\opensource\fusion3d\build_premade\msvc2017\lfusion3d\generatedfiles\release\moc_dialogdrawnew.cpp
c:\opensource\fusion3d\build_premade\msvc2017\lfusion3d\generatedfiles\release\moc_dialogfiledembuck.cpp
c:\opensource\fusion3d\build_premade\msvc2017\lfusion3d\generatedfiles\release\moc_dialogfiledemother.cpp
c:\opensource\fusion3d\build_premade\msvc2017\lfusion3d\generatedfiles\release\moc_dialogfilescreen.cpp
c:\opensource\fusion3d\build_premade\msvc2017\lfusion3d\generatedfiles\release\moc_dialoglocjump.cpp
c:\opensource\fusion3d\build_premade\msvc2017\lfusion3d\generatedfiles\release\moc_dialoglosparms.cpp
c:\opensource\fusion3d\build_premade\msvc2017\lfusion3d\generatedfiles\release\moc_dialogmeasureelev.cpp
c:\opensource\fusion3d\build_premade\msvc2017\lfusion3d\generatedfiles\release\moc_dialogmeasureroute.cpp
c:\opensource\fusion3d\build_premade\msvc2017\lfusion3d\generatedfiles\release\moc_dialogoptionsparms.cpp
c:\opensource\fusion3d\build_premade\msvc2017\lfusion3d\generatedfiles\release\moc_dialogpcfilter.cpp
c:\opensource\fusion3d\build_premade\msvc2017\lfusion3d\generatedfiles\release\moc_dialogpcparms.cpp
c:\opensource\fusion3d\build_premade\msvc2017\lfusion3d\generatedfiles\release\moc_dialogpcthresh.cpp
c:\opensource\fusion3d\build_premade\msvc2017\lfusion3d\generatedfiles\release\moc_dialogstereosettings.cpp
c:\opensource\fusion3d\build_premade\msvc2017\lfusion3d\generatedfiles\release\moc_dialogvecdisplay.cpp
c:\opensource\fusion3d\build_premade\msvc2017\lfusion3d\generatedfiles\release\moc_dialogvecfly.cpp
c:\opensource\fusion3d\build_premade\msvc2017\lfusion3d\generatedfiles\release\moc_dialogvectoggle.cpp
c:\opensource\fusion3d\build_premade\msvc2017\lfusion3d\generatedfiles\ui_dialogcadopen.h
c:\opensource\fusion3d\build_premade\msvc2017\lfusion3d\generatedfiles\ui_dialogclocktime.h
c:\opensource\fusion3d\build_premade\msvc2017\lfusion3d\generatedfiles\ui_dialogdrawalt.h
c:\opensource\fusion3d\build_premade\msvc2017\lfusion3d\generatedfiles\ui_dialogdrawnew.h
c:\opensource\fusion3d\build_premade\msvc2017\lfusion3d\generatedfiles\ui_dialogfiledembuck.h
c:\opensource\fusion3d\build_premade\msvc2017\lfusion3d\generatedfiles\ui_dialogfiledemother.h
c:\opensource\fusion3d\build_premade\msvc2017\lfusion3d\generatedfiles\ui_dialogfilescreen.h
c:\opensource\fusion3d\build_premade\msvc2017\lfusion3d\generatedfiles\ui_dialoglocjump.h
c:\opensource\fusion3d\build_premade\msvc2017\lfusion3d\generatedfiles\ui_dialoglosparms.h
c:\opensource\fusion3d\build_premade\msvc2017\lfusion3d\generatedfiles\ui_dialogmeasureelev.h
c:\opensource\fusion3d\build_premade\msvc2017\lfusion3d\generatedfiles\ui_dialogmeasureroute.h
c:\opensource\fusion3d\build_premade\msvc2017\lfusion3d\generatedfiles\ui_dialogoptionsparms.h
c:\opensource\fusion3d\build_premade\msvc2017\lfusion3d\generatedfiles\ui_dialogpcfilter.h
c:\opensource\fusion3d\build_premade\msvc2017\lfusion3d\generatedfiles\ui_dialogpcparms.h
c:\opensource\fusion3d\build_premade\msvc2017\lfusion3d\generatedfiles\ui_dialogpcthresh.h
c:\opensource\fusion3d\build_premade\msvc2017\lfusion3d\generatedfiles\ui_dialogstereosettings.h
c:\opensource\fusion3d\build_premade\msvc2017\lfusion3d\generatedfiles\ui_dialogvecdisplay.h
c:\opensource\fusion3d\build_premade\msvc2017\lfusion3d\generatedfiles\ui_dialogvecfly.h
c:\opensource\fusion3d\build_premade\msvc2017\lfusion3d\generatedfiles\ui_dialogvectoggle.h
c:\opensource\fusion3d\build_premade\msvc2017\x64\release\lfusion3d.lib
c:\opensource\fusion3d\build_premade\msvc2017\lfusion3d\x64\release\lfusion3d.tlog\cl.command.1.tlog
c:\opensource\fusion3d\build_premade\msvc2017\lfusion3d\x64\release\lfusion3d.tlog\cl.read.1.tlog
c:\opensource\fusion3d\build_premade\msvc2017\lfusion3d\x64\release\lfusion3d.tlog\cl.write.1.tlog
c:\opensource\fusion3d\build_premade\msvc2017\lfusion3d\x64\release\lfusion3d.tlog\lfusion3d.write.1u.tlog
c:\opensource\fusion3d\build_premade\msvc2017\lfusion3d\x64\release\lfusion3d.tlog\lib-link.read.1.tlog
c:\opensource\fusion3d\build_premade\msvc2017\lfusion3d\x64\release\lfusion3d.tlog\lib-link.write.1.tlog
c:\opensource\fusion3d\build_premade\msvc2017\lfusion3d\x64\release\lfusion3d.tlog\lib.command.1.tlog
